Running from: C:\Users\Stephen Sherwood\AppData\Roaming\SpaceEngineers\Mods\SOBST_Weapon_Systems\Models\SIDEKICK_MainBattleCannon125 
Command: D:\SteamLibrary\steamapps\common\SpaceEngineersModSDK\Tools\MWMBuilder\MwmBuilder.exe /f /s:C:\Users\Stephen Sherwood\AppData\Roaming\SpaceEngineers\Mods\SOBST_Weapon_Systems\Models\SIDEKICK_MainBattleCannon125 /m:MBC125S_MainBattleCannon125Single_Elevation*.fbx /o:C:\Users\Stephen Sherwood\AppData\Roaming\SpaceEngineers\Mods\SOBST_Weapon_Systems\Models\SIDEKICK_MainBattleCannon125 /x:D:\SteamLibrary\steamapps\common\SpaceEngineersModSDK\Materials 
D:\SteamLibrary\steamapps\common\SpaceEngineersModSDK\Materials\Armors.xml: 
    Materialslib
D:\SteamLibrary\steamapps\common\SpaceEngineersModSDK\Materials\Character.xml: 
    Materialslib
D:\SteamLibrary\steamapps\common\SpaceEngineersModSDK\Materials\enenra.xml: 
    Materialslib
D:\SteamLibrary\steamapps\common\SpaceEngineersModSDK\Materials\Foliage.xml: 
    Materialslib
D:\SteamLibrary\steamapps\common\SpaceEngineersModSDK\Materials\Items.xml: 
    Materialslib
D:\SteamLibrary\steamapps\common\SpaceEngineersModSDK\Materials\LODs.xml: 
    Materialslib
D:\SteamLibrary\steamapps\common\SpaceEngineersModSDK\Materials\Materials.xml: 
    Materialslib
D:\SteamLibrary\steamapps\common\SpaceEngineersModSDK\Materials\PlayerItems.xml: 
    Materialslib
D:\SteamLibrary\steamapps\common\SpaceEngineersModSDK\Materials\Substicious.xml: 
    Materialslib
Material Libraries: 
    Material libraries were successfully loaded from path: D:\SteamLibrary\steamapps\common\SpaceEngineersModSDK\Materials
: 
    **FileName: C:\Users\Stephen Sherwood\AppData\Roaming\SpaceEngineers\Mods\SOBST_Weapon_Systems\Models\SIDEKICK_MainBattleCannon125\MBC125S_MainBattleCannon125Single_Elevation.fbx
: 
    **Filename (without extension): MBC125S_MainBattleCannon125Single_Elevation
: 
    **Directory Name: C:\Users\Stephen Sherwood\AppData\Roaming\SpaceEngineers\Mods\SOBST_Weapon_Systems\Models\SIDEKICK_MainBattleCannon125
: 
    **Number of characters to cull: 83
: 
    **Culled Path: Models\SIDEKICK_MainBattleCannon125
Meshes: 
    Found 17 meshe(s).
Animations: 
    Found 0 animation(s).
: WARNING: 
    Assimp.Meshhas UV with 3 identical vectors in a row, this likely means you have a face with an UV is 0-size which will cause SE to make the entire model shaderless.
: WARNING: 
    Assimp.Meshhas UV with 3 identical vectors in a row, this likely means you have a face with an UV is 0-size which will cause SE to make the entire model shaderless.
: WARNING: 
    Assimp.Meshhas UV with 3 identical vectors in a row, this likely means you have a face with an UV is 0-size which will cause SE to make the entire model shaderless.
: WARNING: 
    Assimp.Meshhas UV with 3 identical vectors in a row, this likely means you have a face with an UV is 0-size which will cause SE to make the entire model shaderless.
C:\Users\Stephen Sherwood\AppData\Roaming\SpaceEngineers\Mods\SOBST_Weapon_Systems\Models\SIDEKICK_MainBattleCannon125\MBC125S_MainBattleCannon125Single_Elevation.fbx: WARNING: 
    Material: Metal_Dull is already defined in the processor. Not adding it again..
C:\Users\Stephen Sherwood\AppData\Roaming\SpaceEngineers\Mods\SOBST_Weapon_Systems\Models\SIDEKICK_MainBattleCannon125\MBC125S_MainBattleCannon125Single_Elevation.fbx: WARNING: 
    Model contains degenerated triangle (indices 11977 11981 11980)
C:\Users\Stephen Sherwood\AppData\Roaming\SpaceEngineers\Mods\SOBST_Weapon_Systems\Models\SIDEKICK_MainBattleCannon125\MBC125S_MainBattleCannon125Single_Elevation.fbx: WARNING: 
    Model contains degenerated triangle (indices 11972 11989 11988)
C:\Users\Stephen Sherwood\AppData\Roaming\SpaceEngineers\Mods\SOBST_Weapon_Systems\Models\SIDEKICK_MainBattleCannon125\MBC125S_MainBattleCannon125Single_Elevation.fbx: WARNING: 
    Model contains degenerated triangle (indices 11992 11999 11998)
C:\Users\Stephen Sherwood\AppData\Roaming\SpaceEngineers\Mods\SOBST_Weapon_Systems\Models\SIDEKICK_MainBattleCannon125\MBC125S_MainBattleCannon125Single_Elevation.fbx: WARNING: 
    Model contains degenerated triangle (indices 12001 12003 12002)
C:\Users\Stephen Sherwood\AppData\Roaming\SpaceEngineers\Mods\SOBST_Weapon_Systems\Models\SIDEKICK_MainBattleCannon125\MBC125S_MainBattleCannon125Single_Elevation.fbx: WARNING: 
    Model contains degenerated triangle (indices 12005 11998 11999)
C:\Users\Stephen Sherwood\AppData\Roaming\SpaceEngineers\Mods\SOBST_Weapon_Systems\Models\SIDEKICK_MainBattleCannon125\MBC125S_MainBattleCannon125Single_Elevation.fbx: WARNING: 
    Model contains degenerated triangle (indices 12026 12029 12028)
C:\Users\Stephen Sherwood\AppData\Roaming\SpaceEngineers\Mods\SOBST_Weapon_Systems\Models\SIDEKICK_MainBattleCannon125\MBC125S_MainBattleCannon125Single_Elevation.fbx: WARNING: 
    Model contains degenerated triangle (indices 12028 12027 12026)
C:\Users\Stephen Sherwood\AppData\Roaming\SpaceEngineers\Mods\SOBST_Weapon_Systems\Models\SIDEKICK_MainBattleCannon125\MBC125S_MainBattleCannon125Single_Elevation.fbx: WARNING: 
    Model contains degenerated triangle (indices 12078 12077 12076)
C:\Users\Stephen Sherwood\AppData\Roaming\SpaceEngineers\Mods\SOBST_Weapon_Systems\Models\SIDEKICK_MainBattleCannon125\MBC125S_MainBattleCannon125Single_Elevation.fbx: WARNING: 
    Model contains degenerated triangle (indices 12070 12089 12088)
C:\Users\Stephen Sherwood\AppData\Roaming\SpaceEngineers\Mods\SOBST_Weapon_Systems\Models\SIDEKICK_MainBattleCannon125\MBC125S_MainBattleCannon125Single_Elevation.fbx: WARNING: 
    Model contains degenerated triangle (indices 12098 12097 12091)
C:\Users\Stephen Sherwood\AppData\Roaming\SpaceEngineers\Mods\SOBST_Weapon_Systems\Models\SIDEKICK_MainBattleCannon125\MBC125S_MainBattleCannon125Single_Elevation.fbx: WARNING: 
    Model contains degenerated triangle (indices 12101 12100 12100)
C:\Users\Stephen Sherwood\AppData\Roaming\SpaceEngineers\Mods\SOBST_Weapon_Systems\Models\SIDEKICK_MainBattleCannon125\MBC125S_MainBattleCannon125Single_Elevation.fbx: WARNING: 
    Model contains degenerated triangle (indices 12097 12098 12102)
C:\Users\Stephen Sherwood\AppData\Roaming\SpaceEngineers\Mods\SOBST_Weapon_Systems\Models\SIDEKICK_MainBattleCannon125\MBC125S_MainBattleCannon125Single_Elevation.fbx: WARNING: 
    Model contains degenerated triangle (indices 12124 12132 12029)
C:\Users\Stephen Sherwood\AppData\Roaming\SpaceEngineers\Mods\SOBST_Weapon_Systems\Models\SIDEKICK_MainBattleCannon125\MBC125S_MainBattleCannon125Single_Elevation.fbx: WARNING: 
    Model contains degenerated triangle (indices 12124 12029 12131)
C:\Users\Stephen Sherwood\AppData\Roaming\SpaceEngineers\Mods\SOBST_Weapon_Systems\Models\SIDEKICK_MainBattleCannon125\MBC125S_MainBattleCannon125Single_Elevation.fbx: WARNING: 
    Model contains degenerated triangle (indices 14471 14472 14472)
C:\Users\Stephen Sherwood\AppData\Roaming\SpaceEngineers\Mods\SOBST_Weapon_Systems\Models\SIDEKICK_MainBattleCannon125\MBC125S_MainBattleCannon125Single_Elevation.fbx: WARNING: 
    Model contains degenerated triangle (indices 14471 14472 14471)
C:\Users\Stephen Sherwood\AppData\Roaming\SpaceEngineers\Mods\SOBST_Weapon_Systems\Models\SIDEKICK_MainBattleCannon125\MBC125S_MainBattleCannon125Single_Elevation.fbx: WARNING: 
    Model contains degenerated triangle (indices 14509 14510 14510)
C:\Users\Stephen Sherwood\AppData\Roaming\SpaceEngineers\Mods\SOBST_Weapon_Systems\Models\SIDEKICK_MainBattleCannon125\MBC125S_MainBattleCannon125Single_Elevation.fbx: WARNING: 
    Model contains degenerated triangle (indices 14509 14510 14509)
C:\Users\Stephen Sherwood\AppData\Roaming\SpaceEngineers\Mods\SOBST_Weapon_Systems\Models\SIDEKICK_MainBattleCannon125\MBC125S_MainBattleCannon125Single_Elevation.fbx: WARNING: 
    Model contains degenerated triangle (indices 14511 14512 14512)
C:\Users\Stephen Sherwood\AppData\Roaming\SpaceEngineers\Mods\SOBST_Weapon_Systems\Models\SIDEKICK_MainBattleCannon125\MBC125S_MainBattleCannon125Single_Elevation.fbx: WARNING: 
    Model contains degenerated triangle (indices 14511 14512 14511)
C:\Users\Stephen Sherwood\AppData\Roaming\SpaceEngineers\Mods\SOBST_Weapon_Systems\Models\SIDEKICK_MainBattleCannon125\MBC125S_MainBattleCannon125Single_Elevation.fbx: WARNING: 
    Model contains degenerated triangle (indices 14513 14514 14514)
C:\Users\Stephen Sherwood\AppData\Roaming\SpaceEngineers\Mods\SOBST_Weapon_Systems\Models\SIDEKICK_MainBattleCannon125\MBC125S_MainBattleCannon125Single_Elevation.fbx: WARNING: 
    Model contains degenerated triangle (indices 14513 14514 14513)
C:\Users\Stephen Sherwood\AppData\Roaming\SpaceEngineers\Mods\SOBST_Weapon_Systems\Models\SIDEKICK_MainBattleCannon125\MBC125S_MainBattleCannon125Single_Elevation.fbx: WARNING: 
    Model contains degenerated triangle (indices 14509 14510 14510)
C:\Users\Stephen Sherwood\AppData\Roaming\SpaceEngineers\Mods\SOBST_Weapon_Systems\Models\SIDEKICK_MainBattleCannon125\MBC125S_MainBattleCannon125Single_Elevation.fbx: WARNING: 
    Model contains degenerated triangle (indices 14509 14510 14509)
C:\Users\Stephen Sherwood\AppData\Roaming\SpaceEngineers\Mods\SOBST_Weapon_Systems\Models\SIDEKICK_MainBattleCannon125\MBC125S_MainBattleCannon125Single_Elevation.fbx: WARNING: 
    Model contains degenerated triangle (indices 14515 14516 14516)
C:\Users\Stephen Sherwood\AppData\Roaming\SpaceEngineers\Mods\SOBST_Weapon_Systems\Models\SIDEKICK_MainBattleCannon125\MBC125S_MainBattleCannon125Single_Elevation.fbx: WARNING: 
    Model contains degenerated triangle (indices 14515 14516 14515)
C:\Users\Stephen Sherwood\AppData\Roaming\SpaceEngineers\Mods\SOBST_Weapon_Systems\Models\SIDEKICK_MainBattleCannon125\MBC125S_MainBattleCannon125Single_Elevation.fbx: WARNING: 
    Model contains degenerated triangle (indices 14511 14512 14512)
C:\Users\Stephen Sherwood\AppData\Roaming\SpaceEngineers\Mods\SOBST_Weapon_Systems\Models\SIDEKICK_MainBattleCannon125\MBC125S_MainBattleCannon125Single_Elevation.fbx: WARNING: 
    Model contains degenerated triangle (indices 14511 14512 14511)
C:\Users\Stephen Sherwood\AppData\Roaming\SpaceEngineers\Mods\SOBST_Weapon_Systems\Models\SIDEKICK_MainBattleCannon125\MBC125S_MainBattleCannon125Single_Elevation.fbx: WARNING: 
    Model contains degenerated triangle (indices 14471 14472 14472)
C:\Users\Stephen Sherwood\AppData\Roaming\SpaceEngineers\Mods\SOBST_Weapon_Systems\Models\SIDEKICK_MainBattleCannon125\MBC125S_MainBattleCannon125Single_Elevation.fbx: WARNING: 
    Model contains degenerated triangle (indices 14471 14472 14471)
C:\Users\Stephen Sherwood\AppData\Roaming\SpaceEngineers\Mods\SOBST_Weapon_Systems\Models\SIDEKICK_MainBattleCannon125\MBC125S_MainBattleCannon125Single_Elevation.fbx: WARNING: 
    Model contains degenerated triangle (indices 14513 14514 14514)
C:\Users\Stephen Sherwood\AppData\Roaming\SpaceEngineers\Mods\SOBST_Weapon_Systems\Models\SIDEKICK_MainBattleCannon125\MBC125S_MainBattleCannon125Single_Elevation.fbx: WARNING: 
    Model contains degenerated triangle (indices 14513 14514 14513)
C:\Users\Stephen Sherwood\AppData\Roaming\SpaceEngineers\Mods\SOBST_Weapon_Systems\Models\SIDEKICK_MainBattleCannon125\MBC125S_MainBattleCannon125Single_Elevation.fbx: WARNING: 
    Model contains degenerated triangle (indices 14515 14516 14516)
C:\Users\Stephen Sherwood\AppData\Roaming\SpaceEngineers\Mods\SOBST_Weapon_Systems\Models\SIDEKICK_MainBattleCannon125\MBC125S_MainBattleCannon125Single_Elevation.fbx: WARNING: 
    Model contains degenerated triangle (indices 14515 14516 14515)
C:\Users\Stephen Sherwood\AppData\Roaming\SpaceEngineers\Mods\SOBST_Weapon_Systems\Models\SIDEKICK_MainBattleCannon125\MBC125S_MainBattleCannon125Single_Elevation.fbx: WARNING: 
    Model contains degenerated triangle (indices 14521 14521 14529)
C:\Users\Stephen Sherwood\AppData\Roaming\SpaceEngineers\Mods\SOBST_Weapon_Systems\Models\SIDEKICK_MainBattleCannon125\MBC125S_MainBattleCannon125Single_Elevation.fbx: WARNING: 
    Model contains degenerated triangle (indices 14521 14529 14528)
C:\Users\Stephen Sherwood\AppData\Roaming\SpaceEngineers\Mods\SOBST_Weapon_Systems\Models\SIDEKICK_MainBattleCannon125\MBC125S_MainBattleCannon125Single_Elevation.fbx: WARNING: 
    Model contains degenerated triangle (indices 14521 14528 14527)
C:\Users\Stephen Sherwood\AppData\Roaming\SpaceEngineers\Mods\SOBST_Weapon_Systems\Models\SIDEKICK_MainBattleCannon125\MBC125S_MainBattleCannon125Single_Elevation.fbx: WARNING: 
    Model contains degenerated triangle (indices 14521 14527 14526)
C:\Users\Stephen Sherwood\AppData\Roaming\SpaceEngineers\Mods\SOBST_Weapon_Systems\Models\SIDEKICK_MainBattleCannon125\MBC125S_MainBattleCannon125Single_Elevation.fbx: WARNING: 
    Model contains degenerated triangle (indices 732 731 731)
C:\Users\Stephen Sherwood\AppData\Roaming\SpaceEngineers\Mods\SOBST_Weapon_Systems\Models\SIDEKICK_MainBattleCannon125\MBC125S_MainBattleCannon125Single_Elevation.fbx: WARNING: 
    Model contains degenerated triangle (indices 732 731 730)
C:\Users\Stephen Sherwood\AppData\Roaming\SpaceEngineers\Mods\SOBST_Weapon_Systems\Models\SIDEKICK_MainBattleCannon125\MBC125S_MainBattleCannon125Single_Elevation.fbx: WARNING: 
    Model contains degenerated triangle (indices 735 734 734)
C:\Users\Stephen Sherwood\AppData\Roaming\SpaceEngineers\Mods\SOBST_Weapon_Systems\Models\SIDEKICK_MainBattleCannon125\MBC125S_MainBattleCannon125Single_Elevation.fbx: WARNING: 
    Model contains degenerated triangle (indices 735 734 733)
C:\Users\Stephen Sherwood\AppData\Roaming\SpaceEngineers\Mods\SOBST_Weapon_Systems\Models\SIDEKICK_MainBattleCannon125\MBC125S_MainBattleCannon125Single_Elevation.fbx: WARNING: 
    Model contains degenerated triangle (indices 738 737 737)
C:\Users\Stephen Sherwood\AppData\Roaming\SpaceEngineers\Mods\SOBST_Weapon_Systems\Models\SIDEKICK_MainBattleCannon125\MBC125S_MainBattleCannon125Single_Elevation.fbx: WARNING: 
    Model contains degenerated triangle (indices 738 737 736)
C:\Users\Stephen Sherwood\AppData\Roaming\SpaceEngineers\Mods\SOBST_Weapon_Systems\Models\SIDEKICK_MainBattleCannon125\MBC125S_MainBattleCannon125Single_Elevation.fbx: WARNING: 
    Model contains degenerated triangle (indices 739 740 740)
C:\Users\Stephen Sherwood\AppData\Roaming\SpaceEngineers\Mods\SOBST_Weapon_Systems\Models\SIDEKICK_MainBattleCannon125\MBC125S_MainBattleCannon125Single_Elevation.fbx: WARNING: 
    Model contains degenerated triangle (indices 739 740 739)
C:\Users\Stephen Sherwood\AppData\Roaming\SpaceEngineers\Mods\SOBST_Weapon_Systems\Models\SIDEKICK_MainBattleCannon125\MBC125S_MainBattleCannon125Single_Elevation.fbx: WARNING: 
    Model contains degenerated triangle (indices 741 742 742)
C:\Users\Stephen Sherwood\AppData\Roaming\SpaceEngineers\Mods\SOBST_Weapon_Systems\Models\SIDEKICK_MainBattleCannon125\MBC125S_MainBattleCannon125Single_Elevation.fbx: WARNING: 
    Model contains degenerated triangle (indices 741 742 741)
C:\Users\Stephen Sherwood\AppData\Roaming\SpaceEngineers\Mods\SOBST_Weapon_Systems\Models\SIDEKICK_MainBattleCannon125\MBC125S_MainBattleCannon125Single_Elevation.fbx: WARNING: 
    Model contains degenerated triangle (indices 743 744 744)
C:\Users\Stephen Sherwood\AppData\Roaming\SpaceEngineers\Mods\SOBST_Weapon_Systems\Models\SIDEKICK_MainBattleCannon125\MBC125S_MainBattleCannon125Single_Elevation.fbx: WARNING: 
    Model contains degenerated triangle (indices 743 744 743)
C:\Users\Stephen Sherwood\AppData\Roaming\SpaceEngineers\Mods\SOBST_Weapon_Systems\Models\SIDEKICK_MainBattleCannon125\MBC125S_MainBattleCannon125Single_Elevation.fbx: WARNING: 
    Model contains degenerated triangle (indices 745 746 746)
C:\Users\Stephen Sherwood\AppData\Roaming\SpaceEngineers\Mods\SOBST_Weapon_Systems\Models\SIDEKICK_MainBattleCannon125\MBC125S_MainBattleCannon125Single_Elevation.fbx: WARNING: 
    Model contains degenerated triangle (indices 745 746 745)
C:\Users\Stephen Sherwood\AppData\Roaming\SpaceEngineers\Mods\SOBST_Weapon_Systems\Models\SIDEKICK_MainBattleCannon125\MBC125S_MainBattleCannon125Single_Elevation.fbx: WARNING: 
    Model contains degenerated triangle (indices 747 748 748)
C:\Users\Stephen Sherwood\AppData\Roaming\SpaceEngineers\Mods\SOBST_Weapon_Systems\Models\SIDEKICK_MainBattleCannon125\MBC125S_MainBattleCannon125Single_Elevation.fbx: WARNING: 
    Model contains degenerated triangle (indices 747 748 747)
C:\Users\Stephen Sherwood\AppData\Roaming\SpaceEngineers\Mods\SOBST_Weapon_Systems\Models\SIDEKICK_MainBattleCannon125\MBC125S_MainBattleCannon125Single_Elevation.fbx: WARNING: 
    Model contains degenerated triangle (indices 749 750 750)
C:\Users\Stephen Sherwood\AppData\Roaming\SpaceEngineers\Mods\SOBST_Weapon_Systems\Models\SIDEKICK_MainBattleCannon125\MBC125S_MainBattleCannon125Single_Elevation.fbx: WARNING: 
    Model contains degenerated triangle (indices 749 750 749)
C:\Users\Stephen Sherwood\AppData\Roaming\SpaceEngineers\Mods\SOBST_Weapon_Systems\Models\SIDEKICK_MainBattleCannon125\MBC125S_MainBattleCannon125Single_Elevation.fbx: WARNING: 
    Model contains degenerated triangle (indices 753 752 752)
C:\Users\Stephen Sherwood\AppData\Roaming\SpaceEngineers\Mods\SOBST_Weapon_Systems\Models\SIDEKICK_MainBattleCannon125\MBC125S_MainBattleCannon125Single_Elevation.fbx: WARNING: 
    Model contains degenerated triangle (indices 753 752 751)
C:\Users\Stephen Sherwood\AppData\Roaming\SpaceEngineers\Mods\SOBST_Weapon_Systems\Models\SIDEKICK_MainBattleCannon125\MBC125S_MainBattleCannon125Single_Elevation.fbx: WARNING: 
    Model contains degenerated triangle (indices 754 755 755)
C:\Users\Stephen Sherwood\AppData\Roaming\SpaceEngineers\Mods\SOBST_Weapon_Systems\Models\SIDEKICK_MainBattleCannon125\MBC125S_MainBattleCannon125Single_Elevation.fbx: WARNING: 
    Model contains degenerated triangle (indices 754 755 754)
C:\Users\Stephen Sherwood\AppData\Roaming\SpaceEngineers\Mods\SOBST_Weapon_Systems\Models\SIDEKICK_MainBattleCannon125\MBC125S_MainBattleCannon125Single_Elevation.fbx: WARNING: 
    Model contains degenerated triangle (indices 756 757 757)
C:\Users\Stephen Sherwood\AppData\Roaming\SpaceEngineers\Mods\SOBST_Weapon_Systems\Models\SIDEKICK_MainBattleCannon125\MBC125S_MainBattleCannon125Single_Elevation.fbx: WARNING: 
    Model contains degenerated triangle (indices 756 757 756)
C:\Users\Stephen Sherwood\AppData\Roaming\SpaceEngineers\Mods\SOBST_Weapon_Systems\Models\SIDEKICK_MainBattleCannon125\MBC125S_MainBattleCannon125Single_Elevation.fbx: WARNING: 
    Model contains degenerated triangle (indices 760 759 759)
C:\Users\Stephen Sherwood\AppData\Roaming\SpaceEngineers\Mods\SOBST_Weapon_Systems\Models\SIDEKICK_MainBattleCannon125\MBC125S_MainBattleCannon125Single_Elevation.fbx: WARNING: 
    Model contains degenerated triangle (indices 760 759 758)
C:\Users\Stephen Sherwood\AppData\Roaming\SpaceEngineers\Mods\SOBST_Weapon_Systems\Models\SIDEKICK_MainBattleCannon125\MBC125S_MainBattleCannon125Single_Elevation.fbx: WARNING: 
    Model contains degenerated triangle (indices 761 762 762)
C:\Users\Stephen Sherwood\AppData\Roaming\SpaceEngineers\Mods\SOBST_Weapon_Systems\Models\SIDEKICK_MainBattleCannon125\MBC125S_MainBattleCannon125Single_Elevation.fbx: WARNING: 
    Model contains degenerated triangle (indices 761 762 761)
C:\Users\Stephen Sherwood\AppData\Roaming\SpaceEngineers\Mods\SOBST_Weapon_Systems\Models\SIDEKICK_MainBattleCannon125\MBC125S_MainBattleCannon125Single_Elevation.fbx: WARNING: 
    Model contains degenerated triangle (indices 763 764 764)
C:\Users\Stephen Sherwood\AppData\Roaming\SpaceEngineers\Mods\SOBST_Weapon_Systems\Models\SIDEKICK_MainBattleCannon125\MBC125S_MainBattleCannon125Single_Elevation.fbx: WARNING: 
    Model contains degenerated triangle (indices 763 764 763)
C:\Users\Stephen Sherwood\AppData\Roaming\SpaceEngineers\Mods\SOBST_Weapon_Systems\Models\SIDEKICK_MainBattleCannon125\MBC125S_MainBattleCannon125Single_Elevation.fbx: WARNING: 
    Model contains degenerated triangle (indices 765 766 766)
C:\Users\Stephen Sherwood\AppData\Roaming\SpaceEngineers\Mods\SOBST_Weapon_Systems\Models\SIDEKICK_MainBattleCannon125\MBC125S_MainBattleCannon125Single_Elevation.fbx: WARNING: 
    Model contains degenerated triangle (indices 765 766 765)
C:\Users\Stephen Sherwood\AppData\Roaming\SpaceEngineers\Mods\SOBST_Weapon_Systems\Models\SIDEKICK_MainBattleCannon125\MBC125S_MainBattleCannon125Single_Elevation.fbx: WARNING: 
    Model contains degenerated triangle (indices 767 768 768)
C:\Users\Stephen Sherwood\AppData\Roaming\SpaceEngineers\Mods\SOBST_Weapon_Systems\Models\SIDEKICK_MainBattleCannon125\MBC125S_MainBattleCannon125Single_Elevation.fbx: WARNING: 
    Model contains degenerated triangle (indices 767 768 767)
C:\Users\Stephen Sherwood\AppData\Roaming\SpaceEngineers\Mods\SOBST_Weapon_Systems\Models\SIDEKICK_MainBattleCannon125\MBC125S_MainBattleCannon125Single_Elevation.fbx: WARNING: 
    Model contains degenerated triangle (indices 769 770 770)
C:\Users\Stephen Sherwood\AppData\Roaming\SpaceEngineers\Mods\SOBST_Weapon_Systems\Models\SIDEKICK_MainBattleCannon125\MBC125S_MainBattleCannon125Single_Elevation.fbx: WARNING: 
    Model contains degenerated triangle (indices 769 770 769)
C:\Users\Stephen Sherwood\AppData\Roaming\SpaceEngineers\Mods\SOBST_Weapon_Systems\Models\SIDEKICK_MainBattleCannon125\MBC125S_MainBattleCannon125Single_Elevation.fbx: WARNING: 
    Model contains degenerated triangle (indices 771 772 772)
C:\Users\Stephen Sherwood\AppData\Roaming\SpaceEngineers\Mods\SOBST_Weapon_Systems\Models\SIDEKICK_MainBattleCannon125\MBC125S_MainBattleCannon125Single_Elevation.fbx: WARNING: 
    Model contains degenerated triangle (indices 771 772 771)
C:\Users\Stephen Sherwood\AppData\Roaming\SpaceEngineers\Mods\SOBST_Weapon_Systems\Models\SIDEKICK_MainBattleCannon125\MBC125S_MainBattleCannon125Single_Elevation.fbx: WARNING: 
    Model contains degenerated triangle (indices 773 774 774)
C:\Users\Stephen Sherwood\AppData\Roaming\SpaceEngineers\Mods\SOBST_Weapon_Systems\Models\SIDEKICK_MainBattleCannon125\MBC125S_MainBattleCannon125Single_Elevation.fbx: WARNING: 
    Model contains degenerated triangle (indices 773 774 773)
C:\Users\Stephen Sherwood\AppData\Roaming\SpaceEngineers\Mods\SOBST_Weapon_Systems\Models\SIDEKICK_MainBattleCannon125\MBC125S_MainBattleCannon125Single_Elevation.fbx: WARNING: 
    Model contains degenerated triangle (indices 775 776 776)
C:\Users\Stephen Sherwood\AppData\Roaming\SpaceEngineers\Mods\SOBST_Weapon_Systems\Models\SIDEKICK_MainBattleCannon125\MBC125S_MainBattleCannon125Single_Elevation.fbx: WARNING: 
    Model contains degenerated triangle (indices 775 776 775)
C:\Users\Stephen Sherwood\AppData\Roaming\SpaceEngineers\Mods\SOBST_Weapon_Systems\Models\SIDEKICK_MainBattleCannon125\MBC125S_MainBattleCannon125Single_Elevation.fbx: WARNING: 
    Model contains degenerated triangle (indices 777 778 778)
C:\Users\Stephen Sherwood\AppData\Roaming\SpaceEngineers\Mods\SOBST_Weapon_Systems\Models\SIDEKICK_MainBattleCannon125\MBC125S_MainBattleCannon125Single_Elevation.fbx: WARNING: 
    Model contains degenerated triangle (indices 777 778 777)
C:\Users\Stephen Sherwood\AppData\Roaming\SpaceEngineers\Mods\SOBST_Weapon_Systems\Models\SIDEKICK_MainBattleCannon125\MBC125S_MainBattleCannon125Single_Elevation.fbx: WARNING: 
    Model contains degenerated triangle (indices 779 780 780)
C:\Users\Stephen Sherwood\AppData\Roaming\SpaceEngineers\Mods\SOBST_Weapon_Systems\Models\SIDEKICK_MainBattleCannon125\MBC125S_MainBattleCannon125Single_Elevation.fbx: WARNING: 
    Model contains degenerated triangle (indices 779 780 779)
C:\Users\Stephen Sherwood\AppData\Roaming\SpaceEngineers\Mods\SOBST_Weapon_Systems\Models\SIDEKICK_MainBattleCannon125\MBC125S_MainBattleCannon125Single_Elevation.fbx: WARNING: 
    Model contains degenerated triangle (indices 781 782 782)
C:\Users\Stephen Sherwood\AppData\Roaming\SpaceEngineers\Mods\SOBST_Weapon_Systems\Models\SIDEKICK_MainBattleCannon125\MBC125S_MainBattleCannon125Single_Elevation.fbx: WARNING: 
    Model contains degenerated triangle (indices 781 782 781)
C:\Users\Stephen Sherwood\AppData\Roaming\SpaceEngineers\Mods\SOBST_Weapon_Systems\Models\SIDEKICK_MainBattleCannon125\MBC125S_MainBattleCannon125Single_Elevation.fbx: WARNING: 
    Model contains degenerated triangle (indices 783 784 784)
C:\Users\Stephen Sherwood\AppData\Roaming\SpaceEngineers\Mods\SOBST_Weapon_Systems\Models\SIDEKICK_MainBattleCannon125\MBC125S_MainBattleCannon125Single_Elevation.fbx: WARNING: 
    Model contains degenerated triangle (indices 783 784 783)
C:\Users\Stephen Sherwood\AppData\Roaming\SpaceEngineers\Mods\SOBST_Weapon_Systems\Models\SIDEKICK_MainBattleCannon125\MBC125S_MainBattleCannon125Single_Elevation.fbx: WARNING: 
    Model contains degenerated triangle (indices 785 786 786)
C:\Users\Stephen Sherwood\AppData\Roaming\SpaceEngineers\Mods\SOBST_Weapon_Systems\Models\SIDEKICK_MainBattleCannon125\MBC125S_MainBattleCannon125Single_Elevation.fbx: WARNING: 
    Model contains degenerated triangle (indices 785 786 785)
C:\Users\Stephen Sherwood\AppData\Roaming\SpaceEngineers\Mods\SOBST_Weapon_Systems\Models\SIDEKICK_MainBattleCannon125\MBC125S_MainBattleCannon125Single_Elevation.fbx: WARNING: 
    Model contains degenerated triangle (indices 787 788 788)
C:\Users\Stephen Sherwood\AppData\Roaming\SpaceEngineers\Mods\SOBST_Weapon_Systems\Models\SIDEKICK_MainBattleCannon125\MBC125S_MainBattleCannon125Single_Elevation.fbx: WARNING: 
    Model contains degenerated triangle (indices 787 788 787)
C:\Users\Stephen Sherwood\AppData\Roaming\SpaceEngineers\Mods\SOBST_Weapon_Systems\Models\SIDEKICK_MainBattleCannon125\MBC125S_MainBattleCannon125Single_Elevation.fbx: WARNING: 
    Model contains degenerated triangle (indices 789 790 790)
C:\Users\Stephen Sherwood\AppData\Roaming\SpaceEngineers\Mods\SOBST_Weapon_Systems\Models\SIDEKICK_MainBattleCannon125\MBC125S_MainBattleCannon125Single_Elevation.fbx: WARNING: 
    Model contains degenerated triangle (indices 789 790 789)
C:\Users\Stephen Sherwood\AppData\Roaming\SpaceEngineers\Mods\SOBST_Weapon_Systems\Models\SIDEKICK_MainBattleCannon125\MBC125S_MainBattleCannon125Single_Elevation.fbx: WARNING: 
    Model contains degenerated triangle (indices 791 792 792)
C:\Users\Stephen Sherwood\AppData\Roaming\SpaceEngineers\Mods\SOBST_Weapon_Systems\Models\SIDEKICK_MainBattleCannon125\MBC125S_MainBattleCannon125Single_Elevation.fbx: WARNING: 
    Model contains degenerated triangle (indices 791 792 791)
C:\Users\Stephen Sherwood\AppData\Roaming\SpaceEngineers\Mods\SOBST_Weapon_Systems\Models\SIDEKICK_MainBattleCannon125\MBC125S_MainBattleCannon125Single_Elevation.fbx: WARNING: 
    Model contains degenerated triangle (indices 793 794 794)
C:\Users\Stephen Sherwood\AppData\Roaming\SpaceEngineers\Mods\SOBST_Weapon_Systems\Models\SIDEKICK_MainBattleCannon125\MBC125S_MainBattleCannon125Single_Elevation.fbx: WARNING: 
    Model contains degenerated triangle (indices 793 794 793)
C:\Users\Stephen Sherwood\AppData\Roaming\SpaceEngineers\Mods\SOBST_Weapon_Systems\Models\SIDEKICK_MainBattleCannon125\MBC125S_MainBattleCannon125Single_Elevation.fbx: WARNING: 
    Model contains degenerated triangle (indices 795 796 796)
C:\Users\Stephen Sherwood\AppData\Roaming\SpaceEngineers\Mods\SOBST_Weapon_Systems\Models\SIDEKICK_MainBattleCannon125\MBC125S_MainBattleCannon125Single_Elevation.fbx: WARNING: 
    Model contains degenerated triangle (indices 795 796 795)
C:\Users\Stephen Sherwood\AppData\Roaming\SpaceEngineers\Mods\SOBST_Weapon_Systems\Models\SIDEKICK_MainBattleCannon125\MBC125S_MainBattleCannon125Single_Elevation.fbx: WARNING: 
    Model contains degenerated triangle (indices 797 798 798)
C:\Users\Stephen Sherwood\AppData\Roaming\SpaceEngineers\Mods\SOBST_Weapon_Systems\Models\SIDEKICK_MainBattleCannon125\MBC125S_MainBattleCannon125Single_Elevation.fbx: WARNING: 
    Model contains degenerated triangle (indices 797 798 797)
C:\Users\Stephen Sherwood\AppData\Roaming\SpaceEngineers\Mods\SOBST_Weapon_Systems\Models\SIDEKICK_MainBattleCannon125\MBC125S_MainBattleCannon125Single_Elevation.fbx: WARNING: 
    Model contains degenerated triangle (indices 799 800 800)
C:\Users\Stephen Sherwood\AppData\Roaming\SpaceEngineers\Mods\SOBST_Weapon_Systems\Models\SIDEKICK_MainBattleCannon125\MBC125S_MainBattleCannon125Single_Elevation.fbx: WARNING: 
    Model contains degenerated triangle (indices 799 800 799)
C:\Users\Stephen Sherwood\AppData\Roaming\SpaceEngineers\Mods\SOBST_Weapon_Systems\Models\SIDEKICK_MainBattleCannon125\MBC125S_MainBattleCannon125Single_Elevation.fbx: WARNING: 
    Model contains degenerated triangle (indices 801 802 802)
C:\Users\Stephen Sherwood\AppData\Roaming\SpaceEngineers\Mods\SOBST_Weapon_Systems\Models\SIDEKICK_MainBattleCannon125\MBC125S_MainBattleCannon125Single_Elevation.fbx: WARNING: 
    Model contains degenerated triangle (indices 801 802 801)
C:\Users\Stephen Sherwood\AppData\Roaming\SpaceEngineers\Mods\SOBST_Weapon_Systems\Models\SIDEKICK_MainBattleCannon125\MBC125S_MainBattleCannon125Single_Elevation.fbx: WARNING: 
    Model contains degenerated triangle (indices 803 804 804)
C:\Users\Stephen Sherwood\AppData\Roaming\SpaceEngineers\Mods\SOBST_Weapon_Systems\Models\SIDEKICK_MainBattleCannon125\MBC125S_MainBattleCannon125Single_Elevation.fbx: WARNING: 
    Model contains degenerated triangle (indices 803 804 803)
C:\Users\Stephen Sherwood\AppData\Roaming\SpaceEngineers\Mods\SOBST_Weapon_Systems\Models\SIDEKICK_MainBattleCannon125\MBC125S_MainBattleCannon125Single_Elevation.fbx: WARNING: 
    Model contains degenerated triangle (indices 805 806 806)
C:\Users\Stephen Sherwood\AppData\Roaming\SpaceEngineers\Mods\SOBST_Weapon_Systems\Models\SIDEKICK_MainBattleCannon125\MBC125S_MainBattleCannon125Single_Elevation.fbx: WARNING: 
    Model contains degenerated triangle (indices 805 806 805)
C:\Users\Stephen Sherwood\AppData\Roaming\SpaceEngineers\Mods\SOBST_Weapon_Systems\Models\SIDEKICK_MainBattleCannon125\MBC125S_MainBattleCannon125Single_Elevation.fbx: WARNING: 
    Model contains degenerated triangle (indices 807 808 808)
C:\Users\Stephen Sherwood\AppData\Roaming\SpaceEngineers\Mods\SOBST_Weapon_Systems\Models\SIDEKICK_MainBattleCannon125\MBC125S_MainBattleCannon125Single_Elevation.fbx: WARNING: 
    Model contains degenerated triangle (indices 807 808 807)
C:\Users\Stephen Sherwood\AppData\Roaming\SpaceEngineers\Mods\SOBST_Weapon_Systems\Models\SIDEKICK_MainBattleCannon125\MBC125S_MainBattleCannon125Single_Elevation.fbx: WARNING: 
    Model contains degenerated triangle (indices 809 810 810)
C:\Users\Stephen Sherwood\AppData\Roaming\SpaceEngineers\Mods\SOBST_Weapon_Systems\Models\SIDEKICK_MainBattleCannon125\MBC125S_MainBattleCannon125Single_Elevation.fbx: WARNING: 
    Model contains degenerated triangle (indices 809 810 809)
C:\Users\Stephen Sherwood\AppData\Roaming\SpaceEngineers\Mods\SOBST_Weapon_Systems\Models\SIDEKICK_MainBattleCannon125\MBC125S_MainBattleCannon125Single_Elevation.fbx: WARNING: 
    Model contains degenerated triangle (indices 811 812 812)
C:\Users\Stephen Sherwood\AppData\Roaming\SpaceEngineers\Mods\SOBST_Weapon_Systems\Models\SIDEKICK_MainBattleCannon125\MBC125S_MainBattleCannon125Single_Elevation.fbx: WARNING: 
    Model contains degenerated triangle (indices 811 812 811)
C:\Users\Stephen Sherwood\AppData\Roaming\SpaceEngineers\Mods\SOBST_Weapon_Systems\Models\SIDEKICK_MainBattleCannon125\MBC125S_MainBattleCannon125Single_Elevation.fbx: WARNING: 
    Model contains degenerated triangle (indices 813 814 814)
C:\Users\Stephen Sherwood\AppData\Roaming\SpaceEngineers\Mods\SOBST_Weapon_Systems\Models\SIDEKICK_MainBattleCannon125\MBC125S_MainBattleCannon125Single_Elevation.fbx: WARNING: 
    Model contains degenerated triangle (indices 813 814 813)
C:\Users\Stephen Sherwood\AppData\Roaming\SpaceEngineers\Mods\SOBST_Weapon_Systems\Models\SIDEKICK_MainBattleCannon125\MBC125S_MainBattleCannon125Single_Elevation.fbx: WARNING: 
    Model contains degenerated triangle (indices 815 816 816)
C:\Users\Stephen Sherwood\AppData\Roaming\SpaceEngineers\Mods\SOBST_Weapon_Systems\Models\SIDEKICK_MainBattleCannon125\MBC125S_MainBattleCannon125Single_Elevation.fbx: WARNING: 
    Model contains degenerated triangle (indices 815 816 815)
C:\Users\Stephen Sherwood\AppData\Roaming\SpaceEngineers\Mods\SOBST_Weapon_Systems\Models\SIDEKICK_MainBattleCannon125\MBC125S_MainBattleCannon125Single_Elevation.fbx: WARNING: 
    Model contains degenerated triangle (indices 817 818 818)
C:\Users\Stephen Sherwood\AppData\Roaming\SpaceEngineers\Mods\SOBST_Weapon_Systems\Models\SIDEKICK_MainBattleCannon125\MBC125S_MainBattleCannon125Single_Elevation.fbx: WARNING: 
    Model contains degenerated triangle (indices 817 818 817)
C:\Users\Stephen Sherwood\AppData\Roaming\SpaceEngineers\Mods\SOBST_Weapon_Systems\Models\SIDEKICK_MainBattleCannon125\MBC125S_MainBattleCannon125Single_Elevation.fbx: WARNING: 
    Model contains degenerated triangle (indices 819 820 820)
C:\Users\Stephen Sherwood\AppData\Roaming\SpaceEngineers\Mods\SOBST_Weapon_Systems\Models\SIDEKICK_MainBattleCannon125\MBC125S_MainBattleCannon125Single_Elevation.fbx: WARNING: 
    Model contains degenerated triangle (indices 819 820 819)
C:\Users\Stephen Sherwood\AppData\Roaming\SpaceEngineers\Mods\SOBST_Weapon_Systems\Models\SIDEKICK_MainBattleCannon125\MBC125S_MainBattleCannon125Single_Elevation.fbx: WARNING: 
    Model contains degenerated triangle (indices 821 822 822)
C:\Users\Stephen Sherwood\AppData\Roaming\SpaceEngineers\Mods\SOBST_Weapon_Systems\Models\SIDEKICK_MainBattleCannon125\MBC125S_MainBattleCannon125Single_Elevation.fbx: WARNING: 
    Model contains degenerated triangle (indices 821 822 821)
C:\Users\Stephen Sherwood\AppData\Roaming\SpaceEngineers\Mods\SOBST_Weapon_Systems\Models\SIDEKICK_MainBattleCannon125\MBC125S_MainBattleCannon125Single_Elevation.fbx: WARNING: 
    Model contains degenerated triangle (indices 823 824 824)
C:\Users\Stephen Sherwood\AppData\Roaming\SpaceEngineers\Mods\SOBST_Weapon_Systems\Models\SIDEKICK_MainBattleCannon125\MBC125S_MainBattleCannon125Single_Elevation.fbx: WARNING: 
    Model contains degenerated triangle (indices 823 824 823)
C:\Users\Stephen Sherwood\AppData\Roaming\SpaceEngineers\Mods\SOBST_Weapon_Systems\Models\SIDEKICK_MainBattleCannon125\MBC125S_MainBattleCannon125Single_Elevation.fbx: WARNING: 
    Model contains degenerated triangle (indices 825 826 826)
C:\Users\Stephen Sherwood\AppData\Roaming\SpaceEngineers\Mods\SOBST_Weapon_Systems\Models\SIDEKICK_MainBattleCannon125\MBC125S_MainBattleCannon125Single_Elevation.fbx: WARNING: 
    Model contains degenerated triangle (indices 825 826 825)
C:\Users\Stephen Sherwood\AppData\Roaming\SpaceEngineers\Mods\SOBST_Weapon_Systems\Models\SIDEKICK_MainBattleCannon125\MBC125S_MainBattleCannon125Single_Elevation.fbx: WARNING: 
    Model contains degenerated triangle (indices 827 828 828)
C:\Users\Stephen Sherwood\AppData\Roaming\SpaceEngineers\Mods\SOBST_Weapon_Systems\Models\SIDEKICK_MainBattleCannon125\MBC125S_MainBattleCannon125Single_Elevation.fbx: WARNING: 
    Model contains degenerated triangle (indices 827 828 827)
C:\Users\Stephen Sherwood\AppData\Roaming\SpaceEngineers\Mods\SOBST_Weapon_Systems\Models\SIDEKICK_MainBattleCannon125\MBC125S_MainBattleCannon125Single_Elevation.fbx: WARNING: 
    Model contains degenerated triangle (indices 829 830 830)
C:\Users\Stephen Sherwood\AppData\Roaming\SpaceEngineers\Mods\SOBST_Weapon_Systems\Models\SIDEKICK_MainBattleCannon125\MBC125S_MainBattleCannon125Single_Elevation.fbx: WARNING: 
    Model contains degenerated triangle (indices 829 830 829)
C:\Users\Stephen Sherwood\AppData\Roaming\SpaceEngineers\Mods\SOBST_Weapon_Systems\Models\SIDEKICK_MainBattleCannon125\MBC125S_MainBattleCannon125Single_Elevation.fbx: WARNING: 
    Model contains degenerated triangle (indices 833 832 832)
C:\Users\Stephen Sherwood\AppData\Roaming\SpaceEngineers\Mods\SOBST_Weapon_Systems\Models\SIDEKICK_MainBattleCannon125\MBC125S_MainBattleCannon125Single_Elevation.fbx: WARNING: 
    Model contains degenerated triangle (indices 833 832 831)
C:\Users\Stephen Sherwood\AppData\Roaming\SpaceEngineers\Mods\SOBST_Weapon_Systems\Models\SIDEKICK_MainBattleCannon125\MBC125S_MainBattleCannon125Single_Elevation.fbx: WARNING: 
    Model contains degenerated triangle (indices 834 835 835)
C:\Users\Stephen Sherwood\AppData\Roaming\SpaceEngineers\Mods\SOBST_Weapon_Systems\Models\SIDEKICK_MainBattleCannon125\MBC125S_MainBattleCannon125Single_Elevation.fbx: WARNING: 
    Model contains degenerated triangle (indices 834 835 834)
C:\Users\Stephen Sherwood\AppData\Roaming\SpaceEngineers\Mods\SOBST_Weapon_Systems\Models\SIDEKICK_MainBattleCannon125\MBC125S_MainBattleCannon125Single_Elevation.fbx: WARNING: 
    Model contains degenerated triangle (indices 836 837 837)
C:\Users\Stephen Sherwood\AppData\Roaming\SpaceEngineers\Mods\SOBST_Weapon_Systems\Models\SIDEKICK_MainBattleCannon125\MBC125S_MainBattleCannon125Single_Elevation.fbx: WARNING: 
    Model contains degenerated triangle (indices 836 837 836)
C:\Users\Stephen Sherwood\AppData\Roaming\SpaceEngineers\Mods\SOBST_Weapon_Systems\Models\SIDEKICK_MainBattleCannon125\MBC125S_MainBattleCannon125Single_Elevation.fbx: WARNING: 
    Model contains degenerated triangle (indices 838 839 839)
C:\Users\Stephen Sherwood\AppData\Roaming\SpaceEngineers\Mods\SOBST_Weapon_Systems\Models\SIDEKICK_MainBattleCannon125\MBC125S_MainBattleCannon125Single_Elevation.fbx: WARNING: 
    Model contains degenerated triangle (indices 838 839 838)
C:\Users\Stephen Sherwood\AppData\Roaming\SpaceEngineers\Mods\SOBST_Weapon_Systems\Models\SIDEKICK_MainBattleCannon125\MBC125S_MainBattleCannon125Single_Elevation.fbx: WARNING: 
    Model contains degenerated triangle (indices 840 841 841)
C:\Users\Stephen Sherwood\AppData\Roaming\SpaceEngineers\Mods\SOBST_Weapon_Systems\Models\SIDEKICK_MainBattleCannon125\MBC125S_MainBattleCannon125Single_Elevation.fbx: WARNING: 
    Model contains degenerated triangle (indices 840 841 840)
C:\Users\Stephen Sherwood\AppData\Roaming\SpaceEngineers\Mods\SOBST_Weapon_Systems\Models\SIDEKICK_MainBattleCannon125\MBC125S_MainBattleCannon125Single_Elevation.fbx: WARNING: 
    Model contains degenerated triangle (indices 842 843 843)
C:\Users\Stephen Sherwood\AppData\Roaming\SpaceEngineers\Mods\SOBST_Weapon_Systems\Models\SIDEKICK_MainBattleCannon125\MBC125S_MainBattleCannon125Single_Elevation.fbx: WARNING: 
    Model contains degenerated triangle (indices 842 843 842)
C:\Users\Stephen Sherwood\AppData\Roaming\SpaceEngineers\Mods\SOBST_Weapon_Systems\Models\SIDEKICK_MainBattleCannon125\MBC125S_MainBattleCannon125Single_Elevation.fbx: WARNING: 
    Model contains degenerated triangle (indices 844 845 845)
C:\Users\Stephen Sherwood\AppData\Roaming\SpaceEngineers\Mods\SOBST_Weapon_Systems\Models\SIDEKICK_MainBattleCannon125\MBC125S_MainBattleCannon125Single_Elevation.fbx: WARNING: 
    Model contains degenerated triangle (indices 844 845 844)
C:\Users\Stephen Sherwood\AppData\Roaming\SpaceEngineers\Mods\SOBST_Weapon_Systems\Models\SIDEKICK_MainBattleCannon125\MBC125S_MainBattleCannon125Single_Elevation.fbx: WARNING: 
    Model contains degenerated triangle (indices 846 847 847)
C:\Users\Stephen Sherwood\AppData\Roaming\SpaceEngineers\Mods\SOBST_Weapon_Systems\Models\SIDEKICK_MainBattleCannon125\MBC125S_MainBattleCannon125Single_Elevation.fbx: WARNING: 
    Model contains degenerated triangle (indices 846 847 846)
C:\Users\Stephen Sherwood\AppData\Roaming\SpaceEngineers\Mods\SOBST_Weapon_Systems\Models\SIDEKICK_MainBattleCannon125\MBC125S_MainBattleCannon125Single_Elevation.fbx: WARNING: 
    Model contains degenerated triangle (indices 848 849 849)
C:\Users\Stephen Sherwood\AppData\Roaming\SpaceEngineers\Mods\SOBST_Weapon_Systems\Models\SIDEKICK_MainBattleCannon125\MBC125S_MainBattleCannon125Single_Elevation.fbx: WARNING: 
    Model contains degenerated triangle (indices 848 849 848)
C:\Users\Stephen Sherwood\AppData\Roaming\SpaceEngineers\Mods\SOBST_Weapon_Systems\Models\SIDEKICK_MainBattleCannon125\MBC125S_MainBattleCannon125Single_Elevation.fbx: WARNING: 
    Model contains degenerated triangle (indices 850 851 851)
C:\Users\Stephen Sherwood\AppData\Roaming\SpaceEngineers\Mods\SOBST_Weapon_Systems\Models\SIDEKICK_MainBattleCannon125\MBC125S_MainBattleCannon125Single_Elevation.fbx: WARNING: 
    Model contains degenerated triangle (indices 850 851 850)
C:\Users\Stephen Sherwood\AppData\Roaming\SpaceEngineers\Mods\SOBST_Weapon_Systems\Models\SIDEKICK_MainBattleCannon125\MBC125S_MainBattleCannon125Single_Elevation.fbx: WARNING: 
    Model contains degenerated triangle (indices 852 853 853)
C:\Users\Stephen Sherwood\AppData\Roaming\SpaceEngineers\Mods\SOBST_Weapon_Systems\Models\SIDEKICK_MainBattleCannon125\MBC125S_MainBattleCannon125Single_Elevation.fbx: WARNING: 
    Model contains degenerated triangle (indices 852 853 852)
C:\Users\Stephen Sherwood\AppData\Roaming\SpaceEngineers\Mods\SOBST_Weapon_Systems\Models\SIDEKICK_MainBattleCannon125\MBC125S_MainBattleCannon125Single_Elevation.fbx: WARNING: 
    Model contains degenerated triangle (indices 854 855 855)
C:\Users\Stephen Sherwood\AppData\Roaming\SpaceEngineers\Mods\SOBST_Weapon_Systems\Models\SIDEKICK_MainBattleCannon125\MBC125S_MainBattleCannon125Single_Elevation.fbx: WARNING: 
    Model contains degenerated triangle (indices 854 855 854)
C:\Users\Stephen Sherwood\AppData\Roaming\SpaceEngineers\Mods\SOBST_Weapon_Systems\Models\SIDEKICK_MainBattleCannon125\MBC125S_MainBattleCannon125Single_Elevation.fbx: WARNING: 
    Model contains degenerated triangle (indices 856 857 857)
C:\Users\Stephen Sherwood\AppData\Roaming\SpaceEngineers\Mods\SOBST_Weapon_Systems\Models\SIDEKICK_MainBattleCannon125\MBC125S_MainBattleCannon125Single_Elevation.fbx: WARNING: 
    Model contains degenerated triangle (indices 856 857 856)
C:\Users\Stephen Sherwood\AppData\Roaming\SpaceEngineers\Mods\SOBST_Weapon_Systems\Models\SIDEKICK_MainBattleCannon125\MBC125S_MainBattleCannon125Single_Elevation.fbx: WARNING: 
    Model contains degenerated triangle (indices 858 859 859)
C:\Users\Stephen Sherwood\AppData\Roaming\SpaceEngineers\Mods\SOBST_Weapon_Systems\Models\SIDEKICK_MainBattleCannon125\MBC125S_MainBattleCannon125Single_Elevation.fbx: WARNING: 
    Model contains degenerated triangle (indices 858 859 858)
C:\Users\Stephen Sherwood\AppData\Roaming\SpaceEngineers\Mods\SOBST_Weapon_Systems\Models\SIDEKICK_MainBattleCannon125\MBC125S_MainBattleCannon125Single_Elevation.fbx: WARNING: 
    Model contains degenerated triangle (indices 860 861 861)
C:\Users\Stephen Sherwood\AppData\Roaming\SpaceEngineers\Mods\SOBST_Weapon_Systems\Models\SIDEKICK_MainBattleCannon125\MBC125S_MainBattleCannon125Single_Elevation.fbx: WARNING: 
    Model contains degenerated triangle (indices 860 861 860)
C:\Users\Stephen Sherwood\AppData\Roaming\SpaceEngineers\Mods\SOBST_Weapon_Systems\Models\SIDEKICK_MainBattleCannon125\MBC125S_MainBattleCannon125Single_Elevation.fbx: WARNING: 
    Model contains degenerated triangle (indices 862 863 863)
C:\Users\Stephen Sherwood\AppData\Roaming\SpaceEngineers\Mods\SOBST_Weapon_Systems\Models\SIDEKICK_MainBattleCannon125\MBC125S_MainBattleCannon125Single_Elevation.fbx: WARNING: 
    Model contains degenerated triangle (indices 862 863 862)
C:\Users\Stephen Sherwood\AppData\Roaming\SpaceEngineers\Mods\SOBST_Weapon_Systems\Models\SIDEKICK_MainBattleCannon125\MBC125S_MainBattleCannon125Single_Elevation.fbx: WARNING: 
    Model contains degenerated triangle (indices 11320 11319 11319)
C:\Users\Stephen Sherwood\AppData\Roaming\SpaceEngineers\Mods\SOBST_Weapon_Systems\Models\SIDEKICK_MainBattleCannon125\MBC125S_MainBattleCannon125Single_Elevation.fbx: WARNING: 
    Model contains degenerated triangle (indices 11331 11330 11330)
C:\Users\Stephen Sherwood\AppData\Roaming\SpaceEngineers\Mods\SOBST_Weapon_Systems\Models\SIDEKICK_MainBattleCannon125\MBC125S_MainBattleCannon125Single_Elevation.fbx: WARNING: 
    Model contains degenerated triangle (indices 11331 11330 11329)
C:\Users\Stephen Sherwood\AppData\Roaming\SpaceEngineers\Mods\SOBST_Weapon_Systems\Models\SIDEKICK_MainBattleCannon125\MBC125S_MainBattleCannon125Single_Elevation.fbx: WARNING: 
    Model contains degenerated triangle (indices 11332 11333 11333)
C:\Users\Stephen Sherwood\AppData\Roaming\SpaceEngineers\Mods\SOBST_Weapon_Systems\Models\SIDEKICK_MainBattleCannon125\MBC125S_MainBattleCannon125Single_Elevation.fbx: WARNING: 
    Model contains degenerated triangle (indices 11332 11333 11332)
C:\Users\Stephen Sherwood\AppData\Roaming\SpaceEngineers\Mods\SOBST_Weapon_Systems\Models\SIDEKICK_MainBattleCannon125\MBC125S_MainBattleCannon125Single_Elevation.fbx: WARNING: 
    Model contains degenerated triangle (indices 11334 11335 11335)
C:\Users\Stephen Sherwood\AppData\Roaming\SpaceEngineers\Mods\SOBST_Weapon_Systems\Models\SIDEKICK_MainBattleCannon125\MBC125S_MainBattleCannon125Single_Elevation.fbx: WARNING: 
    Model contains degenerated triangle (indices 11334 11335 11334)
C:\Users\Stephen Sherwood\AppData\Roaming\SpaceEngineers\Mods\SOBST_Weapon_Systems\Models\SIDEKICK_MainBattleCannon125\MBC125S_MainBattleCannon125Single_Elevation.fbx: WARNING: 
    Model contains degenerated triangle (indices 11338 11337 11337)
C:\Users\Stephen Sherwood\AppData\Roaming\SpaceEngineers\Mods\SOBST_Weapon_Systems\Models\SIDEKICK_MainBattleCannon125\MBC125S_MainBattleCannon125Single_Elevation.fbx: WARNING: 
    Model contains degenerated triangle (indices 11338 11337 11336)
C:\Users\Stephen Sherwood\AppData\Roaming\SpaceEngineers\Mods\SOBST_Weapon_Systems\Models\SIDEKICK_MainBattleCannon125\MBC125S_MainBattleCannon125Single_Elevation.fbx: WARNING: 
    Model contains degenerated triangle (indices 11339 11340 11340)
C:\Users\Stephen Sherwood\AppData\Roaming\SpaceEngineers\Mods\SOBST_Weapon_Systems\Models\SIDEKICK_MainBattleCannon125\MBC125S_MainBattleCannon125Single_Elevation.fbx: WARNING: 
    Model contains degenerated triangle (indices 11339 11340 11339)
C:\Users\Stephen Sherwood\AppData\Roaming\SpaceEngineers\Mods\SOBST_Weapon_Systems\Models\SIDEKICK_MainBattleCannon125\MBC125S_MainBattleCannon125Single_Elevation.fbx: WARNING: 
    Model contains degenerated triangle (indices 11375 11376 11376)
C:\Users\Stephen Sherwood\AppData\Roaming\SpaceEngineers\Mods\SOBST_Weapon_Systems\Models\SIDEKICK_MainBattleCannon125\MBC125S_MainBattleCannon125Single_Elevation.fbx: WARNING: 
    Model contains degenerated triangle (indices 11375 11376 11375)
C:\Users\Stephen Sherwood\AppData\Roaming\SpaceEngineers\Mods\SOBST_Weapon_Systems\Models\SIDEKICK_MainBattleCannon125\MBC125S_MainBattleCannon125Single_Elevation.fbx: WARNING: 
    Model contains degenerated triangle (indices 11379 11378 11378)
C:\Users\Stephen Sherwood\AppData\Roaming\SpaceEngineers\Mods\SOBST_Weapon_Systems\Models\SIDEKICK_MainBattleCannon125\MBC125S_MainBattleCannon125Single_Elevation.fbx: WARNING: 
    Model contains degenerated triangle (indices 11379 11378 11377)
C:\Users\Stephen Sherwood\AppData\Roaming\SpaceEngineers\Mods\SOBST_Weapon_Systems\Models\SIDEKICK_MainBattleCannon125\MBC125S_MainBattleCannon125Single_Elevation.fbx: WARNING: 
    Model contains degenerated triangle (indices 11380 11381 11381)
C:\Users\Stephen Sherwood\AppData\Roaming\SpaceEngineers\Mods\SOBST_Weapon_Systems\Models\SIDEKICK_MainBattleCannon125\MBC125S_MainBattleCannon125Single_Elevation.fbx: WARNING: 
    Model contains degenerated triangle (indices 11380 11381 11380)
C:\Users\Stephen Sherwood\AppData\Roaming\SpaceEngineers\Mods\SOBST_Weapon_Systems\Models\SIDEKICK_MainBattleCannon125\MBC125S_MainBattleCannon125Single_Elevation.fbx: WARNING: 
    Model contains degenerated triangle (indices 11382 11383 11383)
C:\Users\Stephen Sherwood\AppData\Roaming\SpaceEngineers\Mods\SOBST_Weapon_Systems\Models\SIDEKICK_MainBattleCannon125\MBC125S_MainBattleCannon125Single_Elevation.fbx: WARNING: 
    Model contains degenerated triangle (indices 11382 11383 11382)
C:\Users\Stephen Sherwood\AppData\Roaming\SpaceEngineers\Mods\SOBST_Weapon_Systems\Models\SIDEKICK_MainBattleCannon125\MBC125S_MainBattleCannon125Single_Elevation.fbx: WARNING: 
    Model contains degenerated triangle (indices 11452 11382 11382)
C:\Users\Stephen Sherwood\AppData\Roaming\SpaceEngineers\Mods\SOBST_Weapon_Systems\Models\SIDEKICK_MainBattleCannon125\MBC125S_MainBattleCannon125Single_Elevation.fbx: WARNING: 
    Model contains degenerated triangle (indices 11452 11382 11452)
C:\Users\Stephen Sherwood\AppData\Roaming\SpaceEngineers\Mods\SOBST_Weapon_Systems\Models\SIDEKICK_MainBattleCannon125\MBC125S_MainBattleCannon125Single_Elevation.fbx: WARNING: 
    Model contains degenerated triangle (indices 11453 11380 11380)
C:\Users\Stephen Sherwood\AppData\Roaming\SpaceEngineers\Mods\SOBST_Weapon_Systems\Models\SIDEKICK_MainBattleCannon125\MBC125S_MainBattleCannon125Single_Elevation.fbx: WARNING: 
    Model contains degenerated triangle (indices 11453 11380 11453)
C:\Users\Stephen Sherwood\AppData\Roaming\SpaceEngineers\Mods\SOBST_Weapon_Systems\Models\SIDEKICK_MainBattleCannon125\MBC125S_MainBattleCannon125Single_Elevation.fbx: WARNING: 
    Model contains degenerated triangle (indices 11460 11460 11459)
C:\Users\Stephen Sherwood\AppData\Roaming\SpaceEngineers\Mods\SOBST_Weapon_Systems\Models\SIDEKICK_MainBattleCannon125\MBC125S_MainBattleCannon125Single_Elevation.fbx: WARNING: 
    Model contains degenerated triangle (indices 11460 11459 11459)
C:\Users\Stephen Sherwood\AppData\Roaming\SpaceEngineers\Mods\SOBST_Weapon_Systems\Models\SIDEKICK_MainBattleCannon125\MBC125S_MainBattleCannon125Single_Elevation.fbx: WARNING: 
    Model contains degenerated triangle (indices 11461 11462 11462)
C:\Users\Stephen Sherwood\AppData\Roaming\SpaceEngineers\Mods\SOBST_Weapon_Systems\Models\SIDEKICK_MainBattleCannon125\MBC125S_MainBattleCannon125Single_Elevation.fbx: WARNING: 
    Model contains degenerated triangle (indices 11461 11462 11461)
C:\Users\Stephen Sherwood\AppData\Roaming\SpaceEngineers\Mods\SOBST_Weapon_Systems\Models\SIDEKICK_MainBattleCannon125\MBC125S_MainBattleCannon125Single_Elevation.fbx: WARNING: 
    Model contains degenerated triangle (indices 11451 11464 11463)
C:\Users\Stephen Sherwood\AppData\Roaming\SpaceEngineers\Mods\SOBST_Weapon_Systems\Models\SIDEKICK_MainBattleCannon125\MBC125S_MainBattleCannon125Single_Elevation.fbx: WARNING: 
    Model contains degenerated triangle (indices 11503 11502 11501)
C:\Users\Stephen Sherwood\AppData\Roaming\SpaceEngineers\Mods\SOBST_Weapon_Systems\Models\SIDEKICK_MainBattleCannon125\MBC125S_MainBattleCannon125Single_Elevation.fbx: WARNING: 
    Model contains degenerated triangle (indices 11512 11510 11509)
C:\Users\Stephen Sherwood\AppData\Roaming\SpaceEngineers\Mods\SOBST_Weapon_Systems\Models\SIDEKICK_MainBattleCannon125\MBC125S_MainBattleCannon125Single_Elevation.fbx: WARNING: 
    Model contains degenerated triangle (indices 11431 11531 11530)
C:\Users\Stephen Sherwood\AppData\Roaming\SpaceEngineers\Mods\SOBST_Weapon_Systems\Models\SIDEKICK_MainBattleCannon125\MBC125S_MainBattleCannon125Single_Elevation.fbx: WARNING: 
    Model contains degenerated triangle (indices 11532 11533 11532)
C:\Users\Stephen Sherwood\AppData\Roaming\SpaceEngineers\Mods\SOBST_Weapon_Systems\Models\SIDEKICK_MainBattleCannon125\MBC125S_MainBattleCannon125Single_Elevation.fbx: WARNING: 
    Model contains degenerated triangle (indices 11538 11539 11538)
C:\Users\Stephen Sherwood\AppData\Roaming\SpaceEngineers\Mods\SOBST_Weapon_Systems\Models\SIDEKICK_MainBattleCannon125\MBC125S_MainBattleCannon125Single_Elevation.fbx: WARNING: 
    Model contains degenerated triangle (indices 11549 11551 11550)
C:\Users\Stephen Sherwood\AppData\Roaming\SpaceEngineers\Mods\SOBST_Weapon_Systems\Models\SIDEKICK_MainBattleCannon125\MBC125S_MainBattleCannon125Single_Elevation.fbx: WARNING: 
    Model contains degenerated triangle (indices 11555 11554 11553)
C:\Users\Stephen Sherwood\AppData\Roaming\SpaceEngineers\Mods\SOBST_Weapon_Systems\Models\SIDEKICK_MainBattleCannon125\MBC125S_MainBattleCannon125Single_Elevation.fbx: WARNING: 
    Model contains degenerated triangle (indices 11568 11567 11566)
C:\Users\Stephen Sherwood\AppData\Roaming\SpaceEngineers\Mods\SOBST_Weapon_Systems\Models\SIDEKICK_MainBattleCannon125\MBC125S_MainBattleCannon125Single_Elevation.fbx: WARNING: 
    Model contains degenerated triangle (indices 11612 11613 11613)
C:\Users\Stephen Sherwood\AppData\Roaming\SpaceEngineers\Mods\SOBST_Weapon_Systems\Models\SIDEKICK_MainBattleCannon125\MBC125S_MainBattleCannon125Single_Elevation.fbx: WARNING: 
    Model contains degenerated triangle (indices 11612 11613 11612)
C:\Users\Stephen Sherwood\AppData\Roaming\SpaceEngineers\Mods\SOBST_Weapon_Systems\Models\SIDEKICK_MainBattleCannon125\MBC125S_MainBattleCannon125Single_Elevation.fbx: WARNING: 
    Model contains degenerated triangle (indices 11632 11632 11631)
C:\Users\Stephen Sherwood\AppData\Roaming\SpaceEngineers\Mods\SOBST_Weapon_Systems\Models\SIDEKICK_MainBattleCannon125\MBC125S_MainBattleCannon125Single_Elevation.fbx: WARNING: 
    Model contains degenerated triangle (indices 11642 11642 11641)
C:\Users\Stephen Sherwood\AppData\Roaming\SpaceEngineers\Mods\SOBST_Weapon_Systems\Models\SIDEKICK_MainBattleCannon125\MBC125S_MainBattleCannon125Single_Elevation.fbx: WARNING: 
    Model contains degenerated triangle (indices 11642 11641 11641)
C:\Users\Stephen Sherwood\AppData\Roaming\SpaceEngineers\Mods\SOBST_Weapon_Systems\Models\SIDEKICK_MainBattleCannon125\MBC125S_MainBattleCannon125Single_Elevation.fbx: WARNING: 
    Model contains degenerated triangle (indices 11643 11643 11332)
C:\Users\Stephen Sherwood\AppData\Roaming\SpaceEngineers\Mods\SOBST_Weapon_Systems\Models\SIDEKICK_MainBattleCannon125\MBC125S_MainBattleCannon125Single_Elevation.fbx: WARNING: 
    Model contains degenerated triangle (indices 11643 11332 11332)
C:\Users\Stephen Sherwood\AppData\Roaming\SpaceEngineers\Mods\SOBST_Weapon_Systems\Models\SIDEKICK_MainBattleCannon125\MBC125S_MainBattleCannon125Single_Elevation.fbx: WARNING: 
    Model contains degenerated triangle (indices 11644 11644 11643)
C:\Users\Stephen Sherwood\AppData\Roaming\SpaceEngineers\Mods\SOBST_Weapon_Systems\Models\SIDEKICK_MainBattleCannon125\MBC125S_MainBattleCannon125Single_Elevation.fbx: WARNING: 
    Model contains degenerated triangle (indices 11644 11643 11643)
C:\Users\Stephen Sherwood\AppData\Roaming\SpaceEngineers\Mods\SOBST_Weapon_Systems\Models\SIDEKICK_MainBattleCannon125\MBC125S_MainBattleCannon125Single_Elevation.fbx: WARNING: 
    Model contains degenerated triangle (indices 11641 11646 11645)
C:\Users\Stephen Sherwood\AppData\Roaming\SpaceEngineers\Mods\SOBST_Weapon_Systems\Models\SIDEKICK_MainBattleCannon125\MBC125S_MainBattleCannon125Single_Elevation.fbx: WARNING: 
    Model contains degenerated triangle (indices 11641 11645 11645)
C:\Users\Stephen Sherwood\AppData\Roaming\SpaceEngineers\Mods\SOBST_Weapon_Systems\Models\SIDEKICK_MainBattleCannon125\MBC125S_MainBattleCannon125Single_Elevation.fbx: WARNING: 
    Model contains degenerated triangle (indices 11647 11647 11644)
C:\Users\Stephen Sherwood\AppData\Roaming\SpaceEngineers\Mods\SOBST_Weapon_Systems\Models\SIDEKICK_MainBattleCannon125\MBC125S_MainBattleCannon125Single_Elevation.fbx: WARNING: 
    Model contains degenerated triangle (indices 11647 11644 11644)
C:\Users\Stephen Sherwood\AppData\Roaming\SpaceEngineers\Mods\SOBST_Weapon_Systems\Models\SIDEKICK_MainBattleCannon125\MBC125S_MainBattleCannon125Single_Elevation.fbx: WARNING: 
    Model contains degenerated triangle (indices 11681 11681 11680)
C:\Users\Stephen Sherwood\AppData\Roaming\SpaceEngineers\Mods\SOBST_Weapon_Systems\Models\SIDEKICK_MainBattleCannon125\MBC125S_MainBattleCannon125Single_Elevation.fbx: WARNING: 
    Model contains degenerated triangle (indices 11681 11680 11680)
C:\Users\Stephen Sherwood\AppData\Roaming\SpaceEngineers\Mods\SOBST_Weapon_Systems\Models\SIDEKICK_MainBattleCannon125\MBC125S_MainBattleCannon125Single_Elevation.fbx: WARNING: 
    Model contains degenerated triangle (indices 11683 11683 11682)
C:\Users\Stephen Sherwood\AppData\Roaming\SpaceEngineers\Mods\SOBST_Weapon_Systems\Models\SIDEKICK_MainBattleCannon125\MBC125S_MainBattleCannon125Single_Elevation.fbx: WARNING: 
    Model contains degenerated triangle (indices 11683 11682 11682)
C:\Users\Stephen Sherwood\AppData\Roaming\SpaceEngineers\Mods\SOBST_Weapon_Systems\Models\SIDEKICK_MainBattleCannon125\MBC125S_MainBattleCannon125Single_Elevation.fbx: WARNING: 
    Model contains degenerated triangle (indices 11645 11685 11684)
C:\Users\Stephen Sherwood\AppData\Roaming\SpaceEngineers\Mods\SOBST_Weapon_Systems\Models\SIDEKICK_MainBattleCannon125\MBC125S_MainBattleCannon125Single_Elevation.fbx: WARNING: 
    Model contains degenerated triangle (indices 11645 11684 11684)
C:\Users\Stephen Sherwood\AppData\Roaming\SpaceEngineers\Mods\SOBST_Weapon_Systems\Models\SIDEKICK_MainBattleCannon125\MBC125S_MainBattleCannon125Single_Elevation.fbx: WARNING: 
    Model contains degenerated triangle (indices 11682 11687 11686)
C:\Users\Stephen Sherwood\AppData\Roaming\SpaceEngineers\Mods\SOBST_Weapon_Systems\Models\SIDEKICK_MainBattleCannon125\MBC125S_MainBattleCannon125Single_Elevation.fbx: WARNING: 
    Model contains degenerated triangle (indices 11682 11686 11686)
C:\Users\Stephen Sherwood\AppData\Roaming\SpaceEngineers\Mods\SOBST_Weapon_Systems\Models\SIDEKICK_MainBattleCannon125\MBC125S_MainBattleCannon125Single_Elevation.fbx: WARNING: 
    Model contains degenerated triangle (indices 11686 11686 11647)
C:\Users\Stephen Sherwood\AppData\Roaming\SpaceEngineers\Mods\SOBST_Weapon_Systems\Models\SIDEKICK_MainBattleCannon125\MBC125S_MainBattleCannon125Single_Elevation.fbx: WARNING: 
    Model contains degenerated triangle (indices 11686 11647 11647)
C:\Users\Stephen Sherwood\AppData\Roaming\SpaceEngineers\Mods\SOBST_Weapon_Systems\Models\SIDEKICK_MainBattleCannon125\MBC125S_MainBattleCannon125Single_Elevation.fbx: WARNING: 
    Model contains degenerated triangle (indices 11684 11684 11681)
C:\Users\Stephen Sherwood\AppData\Roaming\SpaceEngineers\Mods\SOBST_Weapon_Systems\Models\SIDEKICK_MainBattleCannon125\MBC125S_MainBattleCannon125Single_Elevation.fbx: WARNING: 
    Model contains degenerated triangle (indices 11684 11681 11681)
C:\Users\Stephen Sherwood\AppData\Roaming\SpaceEngineers\Mods\SOBST_Weapon_Systems\Models\SIDEKICK_MainBattleCannon125\MBC125S_MainBattleCannon125Single_Elevation.fbx: WARNING: 
    Model contains degenerated triangle (indices 11758 11759 11759)
C:\Users\Stephen Sherwood\AppData\Roaming\SpaceEngineers\Mods\SOBST_Weapon_Systems\Models\SIDEKICK_MainBattleCannon125\MBC125S_MainBattleCannon125Single_Elevation.fbx: WARNING: 
    Model contains degenerated triangle (indices 11758 11759 11758)
C:\Users\Stephen Sherwood\AppData\Roaming\SpaceEngineers\Mods\SOBST_Weapon_Systems\Models\SIDEKICK_MainBattleCannon125\MBC125S_MainBattleCannon125Single_Elevation.fbx: WARNING: 
    Model contains degenerated triangle (indices 11761 11761 11760)
C:\Users\Stephen Sherwood\AppData\Roaming\SpaceEngineers\Mods\SOBST_Weapon_Systems\Models\SIDEKICK_MainBattleCannon125\MBC125S_MainBattleCannon125Single_Elevation.fbx: WARNING: 
    Model contains degenerated triangle (indices 11761 11760 11760)
C:\Users\Stephen Sherwood\AppData\Roaming\SpaceEngineers\Mods\SOBST_Weapon_Systems\Models\SIDEKICK_MainBattleCannon125\MBC125S_MainBattleCannon125Single_Elevation.fbx: WARNING: 
    Model contains degenerated triangle (indices 11763 11763 11762)
C:\Users\Stephen Sherwood\AppData\Roaming\SpaceEngineers\Mods\SOBST_Weapon_Systems\Models\SIDEKICK_MainBattleCannon125\MBC125S_MainBattleCannon125Single_Elevation.fbx: WARNING: 
    Model contains degenerated triangle (indices 11800 11799 11798)
C:\Users\Stephen Sherwood\AppData\Roaming\SpaceEngineers\Mods\SOBST_Weapon_Systems\Models\SIDEKICK_MainBattleCannon125\MBC125S_MainBattleCannon125Single_Elevation.fbx: WARNING: 
    Model contains degenerated triangle (indices 11803 11807 11806)
C:\Users\Stephen Sherwood\AppData\Roaming\SpaceEngineers\Mods\SOBST_Weapon_Systems\Models\SIDEKICK_MainBattleCannon125\MBC125S_MainBattleCannon125Single_Elevation.fbx: WARNING: 
    Model contains degenerated triangle (indices 11564 11821 11733)
C:\Users\Stephen Sherwood\AppData\Roaming\SpaceEngineers\Mods\SOBST_Weapon_Systems\Models\SIDEKICK_MainBattleCannon125\MBC125S_MainBattleCannon125Single_Elevation.fbx: WARNING: 
    Model contains degenerated triangle (indices 11823 11822 11822)
C:\Users\Stephen Sherwood\AppData\Roaming\SpaceEngineers\Mods\SOBST_Weapon_Systems\Models\SIDEKICK_MainBattleCannon125\MBC125S_MainBattleCannon125Single_Elevation.fbx: WARNING: 
    Model contains degenerated triangle (indices 11830 11828 11828)
C:\Users\Stephen Sherwood\AppData\Roaming\SpaceEngineers\Mods\SOBST_Weapon_Systems\Models\SIDEKICK_MainBattleCannon125\MBC125S_MainBattleCannon125Single_Elevation.fbx: WARNING: 
    Model contains degenerated triangle (indices 11835 11837 11836)
C:\Users\Stephen Sherwood\AppData\Roaming\SpaceEngineers\Mods\SOBST_Weapon_Systems\Models\SIDEKICK_MainBattleCannon125\MBC125S_MainBattleCannon125Single_Elevation.fbx: WARNING: 
    Model contains degenerated triangle (indices 11840 11839 11838)
C:\Users\Stephen Sherwood\AppData\Roaming\SpaceEngineers\Mods\SOBST_Weapon_Systems\Models\SIDEKICK_MainBattleCannon125\MBC125S_MainBattleCannon125Single_Elevation.fbx: WARNING: 
    Model contains degenerated triangle (indices 11842 11841 11568)
C:\Users\Stephen Sherwood\AppData\Roaming\SpaceEngineers\Mods\SOBST_Weapon_Systems\Models\SIDEKICK_MainBattleCannon125\MBC125S_MainBattleCannon125Single_Elevation.fbx: WARNING: 
    Model contains degenerated triangle (indices 11613 11613 11642)
C:\Users\Stephen Sherwood\AppData\Roaming\SpaceEngineers\Mods\SOBST_Weapon_Systems\Models\SIDEKICK_MainBattleCannon125\MBC125S_MainBattleCannon125Single_Elevation.fbx: WARNING: 
    Model contains degenerated triangle (indices 11613 11642 11642)
C:\Users\Stephen Sherwood\AppData\Roaming\SpaceEngineers\Mods\SOBST_Weapon_Systems\Models\SIDEKICK_MainBattleCannon125\MBC125S_MainBattleCannon125Single_Elevation.fbx: WARNING: 
    Model contains degenerated triangle (indices 11909 11908 11908)
C:\Users\Stephen Sherwood\AppData\Roaming\SpaceEngineers\Mods\SOBST_Weapon_Systems\Models\SIDEKICK_MainBattleCannon125\MBC125S_MainBattleCannon125Single_Elevation.fbx: WARNING: 
    Model contains degenerated triangle (indices 11917 11920 11919)
C:\Users\Stephen Sherwood\AppData\Roaming\SpaceEngineers\Mods\SOBST_Weapon_Systems\Models\SIDEKICK_MainBattleCannon125\MBC125S_MainBattleCannon125Single_Elevation.fbx: 
    : Finished in 0.6s
